0 info it worked if it ends with ok
1 verbose cli [ '/Users/fsrowe/.nvm/versions/node/v4.1.2/bin/node',
1 verbose cli   '/Users/fsrowe/.nvm/versions/node/v4.1.2/bin/npm',
1 verbose cli   'version',
1 verbose cli   'patch',
1 verbose cli   '-m',
1 verbose cli   'build' ]
2 info using npm@2.14.4
3 info using node@v4.1.2
4 info git [ 'status', '--porcelain' ]
5 verbose stack Error: Git working directory not clean.
5 verbose stack M  build.js
5 verbose stack A  npm-debug.log
5 verbose stack M  rss.xml
5 verbose stack     at /Users/fsrowe/.nvm/versions/node/v4.1.2/lib/node_modules/npm/lib/version.js:171:21
5 verbose stack     at ChildProcess.exithandler (child_process.js:194:7)
5 verbose stack     at emitTwo (events.js:87:13)
5 verbose stack     at ChildProcess.emit (events.js:172:7)
5 verbose stack     at maybeClose (internal/child_process.js:818:16)
5 verbose stack     at Socket.<anonymous> (internal/child_process.js:319:11)
5 verbose stack     at emitOne (events.js:77:13)
5 verbose stack     at Socket.emit (events.js:169:7)
5 verbose stack     at Pipe._onclose (net.js:469:12)
6 verbose cwd /Users/fsrowe/web/frankrowe.github.io
7 error Darwin 15.3.0
8 error argv "/Users/fsrowe/.nvm/versions/node/v4.1.2/bin/node" "/Users/fsrowe/.nvm/versions/node/v4.1.2/bin/npm" "version" "patch" "-m" "build"
9 error node v4.1.2
10 error npm  v2.14.4
11 error Git working directory not clean.
11 error M  build.js
11 error A  npm-debug.log
11 error M  rss.xml
12 error If you need help, you may report this error at:
12 error     <https://github.com/npm/npm/issues>
13 verbose exit [ 1, true ]
